\BOOKMARK [0][-]{figure.caption.1}{\376\377\000D\000a\000n\000h\000\040\000s\000\341\000c\000h\000\040\000h\000\354\000n\000h\000\040\000v\036\275}{}% 1
\BOOKMARK [0][-]{figure.caption.1}{\376\377\000D\000a\000n\000h\000\040\000s\000\341\000c\000h\000\040\000b\000a\000n\000g}{}% 2
\BOOKMARK [0][-]{chapter*.2}{\376\377\000L\036\335\000i\000\040\000c\000a\000m\000\040\000k\036\277\000t}{}% 3
\BOOKMARK [0][-]{chapter*.3}{\376\377\000L\036\335\000i\000\040\000c\036\243\000m\000\040\001\241\000n}{}% 4
\BOOKMARK [0][-]{chapter*.4}{\376\377\000T\000\363\000m\000\040\000t\036\257\000t}{}% 5
\BOOKMARK [0][-]{chapter.1}{\376\377\000G\000i\036\333\000i\000\040\000t\000h\000i\036\307\000u}{}% 6
\BOOKMARK [1][-]{section.1.1}{\376\377\000B\036\321\000i\000\040\000c\036\243\000n\000h\000\040\000c\036\347\000a\000\040\001\021\036\301\000\040\000t\000\340\000i}{chapter.1}% 7
\BOOKMARK [1][-]{section.1.2}{\376\377\000M\036\345\000c\000\040\000t\000i\000\352\000u\000\040\000n\000g\000h\000i\000\352\000n\000\040\000c\036\351\000u}{chapter.1}% 8
\BOOKMARK [2][-]{subsection.1.2.1}{\376\377\000M\036\345\000c\000\040\000t\000i\000\352\000u\000\040\000t\036\325\000n\000g\000\040\000q\000u\000\341\000t}{section.1.2}% 9
\BOOKMARK [2][-]{subsection.1.2.2}{\376\377\000M\036\345\000c\000\040\000t\000i\000\352\000u\000\040\000c\036\345\000\040\000t\000h\036\303}{section.1.2}% 10
\BOOKMARK [1][-]{section.1.3}{\376\377\001\020\036\321\000i\000\040\000t\001\260\036\343\000n\000g\000\040\000v\000\340\000\040\000p\000h\036\241\000m\000\040\000v\000i\000\040\000n\000g\000h\000i\000\352\000n\000\040\000c\036\351\000u}{chapter.1}% 11
\BOOKMARK [2][-]{subsection.1.3.1}{\376\377\001\020\036\321\000i\000\040\000t\001\260\036\343\000n\000g\000\040\000n\000g\000h\000i\000\352\000n\000\040\000c\036\351\000u}{section.1.3}% 12
\BOOKMARK [2][-]{subsection.1.3.2}{\376\377\000P\000h\036\241\000m\000\040\000v\000i\000\040\000t\000r\000i\036\303\000n\000\040\000k\000h\000a\000i\000\040\000c\036\347\000a\000\040\001\021\036\301\000\040\000t\000\340\000i}{section.1.3}% 13
\BOOKMARK [1][-]{section.1.4}{\376\377\000C\036\245\000u\000\040\000t\000r\000\372\000c\000\040\000c\036\347\000a\000\040\001\021\036\301\000\040\000t\000\340\000i}{chapter.1}% 14
\BOOKMARK [0][-]{chapter.2}{\376\377\000C\001\241\000\040\000s\036\337\000\040\000l\000\375\000\040\000t\000h\000u\000y\036\277\000t\000\040\000v\000\340\000\040\000c\000\341\000c\000\040\000c\000\364\000n\000g\000\040\000n\000g\000h\036\307\000\040\000l\000i\000\352\000n\000\040\000q\000u\000a\000n}{}% 15
\BOOKMARK [1][-]{section.2.1}{\376\377\000T\036\325\000n\000g\000\040\000q\000u\000a\000n\000\040\000v\036\301\000\040\000I\000n\000t\000e\000r\000n\000e\000t\000\040\000o\000f\000\040\000T\000h\000i\000n\000g\000s}{chapter.2}% 16
\BOOKMARK [1][-]{section.2.2}{\376\377\000C\000\341\000c\000\040\000g\000i\000a\000o\000\040\000t\000h\036\351\000c\000\040\000t\000r\000u\000y\036\301\000n\000\040\000t\000h\000\364\000n\000g\000\040\000t\000r\000o\000n\000g\000\040\000I\000o\000T}{chapter.2}% 17
\BOOKMARK [2][-]{subsection.2.2.1}{\376\377\000L\000o\000R\000a}{section.2.2}% 18
\BOOKMARK [3][-]{subsubsection.2.2.1.1}{\376\377\000G\000i\036\333\000i\000\040\000t\000h\000i\036\307\000u}{subsection.2.2.1}% 19
\BOOKMARK [3][-]{subsubsection.2.2.1.2}{\376\377\000N\000g\000u\000y\000\352\000n\000\040\000l\000\375\000\040\000h\000o\036\241\000t\000\040\001\021\036\331\000n\000g}{subsection.2.2.1}% 20
\BOOKMARK [3][-]{subsubsection.2.2.1.3}{\376\377\001\020\036\267\000c\000\040\001\021\000i\036\303\000m\000\040\000n\036\325\000i\000\040\000b\036\255\000t}{subsection.2.2.1}% 21
\BOOKMARK [3][-]{subsubsection.2.2.1.4}{\376\377\001\257\000u\000\040\001\021\000i\036\303\000m\000\040\000v\000\340\000\040\000n\000h\001\260\036\343\000c\000\040\001\021\000i\036\303\000m}{subsection.2.2.1}% 22
\BOOKMARK [2][-]{subsection.2.2.2}{\376\377\0004\000G\000/\0005\000G}{section.2.2}% 23
\BOOKMARK [3][-]{subsubsection.2.2.2.1}{\376\377\000G\000i\036\333\000i\000\040\000t\000h\000i\036\307\000u}{subsection.2.2.2}% 24
\BOOKMARK [3][-]{subsubsection.2.2.2.2}{\376\377\000N\000g\000u\000y\000\352\000n\000\040\000l\000\375\000\040\000h\000o\036\241\000t\000\040\001\021\036\331\000n\000g}{subsection.2.2.2}% 25
\BOOKMARK [3][-]{subsubsection.2.2.2.3}{\376\377\001\020\036\267\000c\000\040\001\021\000i\036\303\000m\000\040\000n\036\325\000i\000\040\000b\036\255\000t}{subsection.2.2.2}% 26
\BOOKMARK [3][-]{subsubsection.2.2.2.4}{\376\377\001\257\000u\000\040\001\021\000i\036\303\000m\000\040\000v\000\340\000\040\000n\000h\001\260\036\343\000c\000\040\001\021\000i\036\303\000m}{subsection.2.2.2}% 27
\BOOKMARK [2][-]{subsection.2.2.3}{\376\377\000M\000Q\000T\000T}{section.2.2}% 28
\BOOKMARK [3][-]{subsubsection.2.2.3.1}{\376\377\000G\000i\036\333\000i\000\040\000t\000h\000i\036\307\000u}{subsection.2.2.3}% 29
\BOOKMARK [3][-]{subsubsection.2.2.3.2}{\376\377\000N\000g\000u\000y\000\352\000n\000\040\000l\000\375\000\040\000h\000o\036\241\000t\000\040\001\021\036\331\000n\000g}{subsection.2.2.3}% 30
\BOOKMARK [3][-]{subsubsection.2.2.3.3}{\376\377\001\020\036\267\000c\000\040\001\021\000i\036\303\000m\000\040\000n\036\325\000i\000\040\000b\036\255\000t}{subsection.2.2.3}% 31
\BOOKMARK [3][-]{subsubsection.2.2.3.4}{\376\377\001\257\000u\000\040\001\021\000i\036\303\000m\000\040\000v\000\340\000\040\000n\000h\001\260\036\343\000c\000\040\001\021\000i\036\303\000m}{subsection.2.2.3}% 32
\BOOKMARK [2][-]{subsection.2.2.4}{\376\377\000S\000o\000\040\000s\000\341\000n\000h\000\040\000v\000\340\000\040\000l\036\361\000a\000\040\000c\000h\036\315\000n\000\040\000g\000i\000a\000o\000\040\000t\000h\036\351\000c}{section.2.2}% 33
\BOOKMARK [1][-]{section.2.3}{\376\377\000C\000\341\000c\000\040\000l\000o\036\241\000i\000\040\000c\036\243\000m\000\040\000b\000i\036\277\000n\000,\000\040\000t\000h\000i\036\277\000t\000\040\000b\036\313\000\040\000s\036\355\000\040\000d\036\345\000n\000g}{chapter.2}% 34
\BOOKMARK [2][-]{subsection.2.3.1}{\376\377\000E\000S\000P\0003\0002\000\040\000N\000o\000d\000e\000M\000C\000U\000-\0003\0002\000S\000\040\000C\000H\0003\0004\0000\000\040\000A\000i\000-\000T\000h\000i\000n\000k\000e\000r}{section.2.3}% 35
\BOOKMARK [2][-]{subsection.2.3.2}{\376\377\000C\036\243\000m\000\040\000b\000i\036\277\000n\000\040\000n\000h\000i\036\307\000t\000\040\001\021\036\331\000,\000\040\001\021\036\331\000\040\036\251\000m\000\040\000D\000H\000T\0001\0001}{section.2.3}% 36
\BOOKMARK [2][-]{subsection.2.3.3}{\376\377\000C\036\243\000m\000\040\000b\000i\036\277\000n\000\040\000g\000i\000a\000\040\000t\036\321\000c\000\040\0003\000\040\000t\000r\036\345\000c\000\040\000A\000D\000X\000L\0003\0004\0005}{section.2.3}% 37
\BOOKMARK [2][-]{subsection.2.3.4}{\376\377\000M\000o\000d\000u\000l\000e\000\040\000G\000P\000S\000\040\000N\000E\000O\000-\0006\000M\000V\0002}{section.2.3}% 38
\BOOKMARK [2][-]{subsection.2.3.5}{\376\377\000M\000o\000d\000u\000l\000e\000\040\000t\000r\000u\000y\036\301\000n\000\040\000t\000h\000\364\000n\000g\000\040\000L\000o\000R\000a}{section.2.3}% 39
\BOOKMARK [1][-]{section.2.4}{\376\377\000C\000\341\000c\000\040\000k\036\371\000\040\000t\000h\000u\036\255\000t\000\040\000b\036\243\000o\000\040\000m\036\255\000t\000\040\000t\000r\000o\000n\000g\000\040\000I\000o\000T}{chapter.2}% 40
\BOOKMARK [0][-]{chapter.3}{\376\377\000P\000h\000\342\000n\000\040\000t\000\355\000c\000h\000\040\000y\000\352\000u\000\040\000c\036\247\000u\000\040\000h\036\307\000\040\000t\000h\036\321\000n\000g}{}% 41
\BOOKMARK [1][-]{section.3.1}{\376\377\000Y\000\352\000u\000\040\000c\036\247\000u\000\040\000c\000h\036\351\000c\000\040\000n\001\003\000n\000g}{chapter.3}% 42
\BOOKMARK [2][-]{subsection.3.1.1}{\376\377\000N\000g\001\260\036\335\000i\000\040\000d\000\371\000n\000g}{section.3.1}% 43
\BOOKMARK [2][-]{subsection.3.1.2}{\376\377\000H\036\307\000\040\000t\000h\036\321\000n\000g}{section.3.1}% 44
\BOOKMARK [1][-]{section.3.2}{\376\377\000Y\000\352\000u\000\040\000c\036\247\000u\000\040\000p\000h\000i\000\040\000c\000h\036\351\000c\000\040\000n\001\003\000n\000g}{chapter.3}% 45
\BOOKMARK [2][-]{subsection.3.2.1}{\376\377\000H\000i\036\307\000u\000\040\000n\001\003\000n\000g}{section.3.2}% 46
\BOOKMARK [2][-]{subsection.3.2.2}{\376\377\000T\000\355\000n\000h\000\040\000s\036\265\000n\000\040\000s\000\340\000n\000g}{section.3.2}% 47
\BOOKMARK [2][-]{subsection.3.2.3}{\376\377\000K\000h\036\243\000\040\000n\001\003\000n\000g\000\040\000m\036\337\000\040\000r\036\331\000n\000g}{section.3.2}% 48
\BOOKMARK [2][-]{subsection.3.2.4}{\376\377\000T\000\355\000n\000h\000\040\000d\036\305\000\040\000s\036\355\000\040\000d\036\345\000n\000g}{section.3.2}% 49
\BOOKMARK [2][-]{subsection.3.2.5}{\376\377\000T\000\355\000n\000h\000\040\000t\001\260\001\241\000n\000g\000\040\000t\000h\000\355\000c\000h}{section.3.2}% 50
\BOOKMARK [2][-]{subsection.3.2.6}{\376\377\000K\000h\036\243\000\040\000n\001\003\000n\000g\000\040\000b\036\243\000o\000\040\000t\000r\000\354}{section.3.2}% 51
\BOOKMARK [1][-]{section.3.3}{\376\377\000Q\000u\000y\000\040\000t\000r\000\354\000n\000h\000\040\000v\036\255\000n\000\040\000c\000h\000u\000y\036\303\000n\000\040\001\021\036\241\000n\000\040\000d\001\260\036\343\000c}{chapter.3}% 52
\BOOKMARK [1][-]{section.3.4}{\376\377\000C\000\341\000c\000\040\000r\036\347\000i\000\040\000r\000o\000\040\000c\036\247\000n\000\040\000g\000i\000\341\000m\000\040\000s\000\341\000t}{chapter.3}% 53
\BOOKMARK [1][-]{section.3.5}{\376\377\000U\000s\000e\000-\000c\000a\000s\000e\000\040\000d\000i\000a\000g\000r\000a\000m}{chapter.3}% 54
\BOOKMARK [1][-]{section.3.6}{\376\377\000A\000c\000t\000i\000v\000i\000t\000y\000\040\000d\000i\000a\000g\000r\000a\000m}{chapter.3}% 55
\BOOKMARK [2][-]{subsection.3.6.1}{\376\377\001\020\000i\036\301\000u\000\040\000p\000h\036\321\000i\000\040\000l\036\331\000\040\000t\000r\000\354\000n\000h}{section.3.6}% 56
\BOOKMARK [2][-]{subsection.3.6.2}{\376\377\000Q\000u\036\243\000n\000\040\000l\000\375\000\040\000h\000\340\000n\000g\000\040\000h\000o\000\341}{section.3.6}% 57
\BOOKMARK [2][-]{subsection.3.6.3}{\376\377\000G\000i\000\341\000m\000\040\000s\000\341\000t\000\040\000\046\000\040\000c\036\255\000p\000\040\000n\000h\036\255\000t\000\040\000t\000r\036\241\000n\000g\000\040\000t\000h\000\341\000i\000\040\000v\036\255\000n\000\040\000c\000h\000u\000y\036\303\000n\000\040}{section.3.6}% 58
\BOOKMARK [0][-]{chapter.4}{\376\377\000T\000h\000i\036\277\000t\000\040\000k\036\277\000\040\000h\036\307\000\040\000t\000h\036\321\000n\000g}{}% 59
\BOOKMARK [1][-]{section.4.1}{\376\377\000S\001\241\000\040\001\021\036\323\000\040\000k\000i\036\277\000n\000\040\000t\000r\000\372\000c\000\040\000t\036\325\000n\000g\000\040\000t\000h\036\303}{chapter.4}% 60
\BOOKMARK [1][-]{section.4.2}{\376\377\000S\001\241\000\040\001\021\036\323\000\040\000k\036\277\000t\000\040\000n\036\321\000i\000\040\000p\000h\036\247\000n\000\040\000c\036\351\000n\000g}{chapter.4}% 61
\BOOKMARK [1][-]{section.4.3}{\376\377\000T\000h\000i\036\277\000t\000\040\000k\036\277\000\040\000t\000r\000u\000y\036\301\000n\000\040\000t\000h\000\364\000n\000g\000\040\000d\036\357\000\040\000l\000i\036\307\000u}{chapter.4}% 62
\BOOKMARK [1][-]{section.4.4}{\376\377\000T\000h\000i\036\277\000t\000\040\000k\036\277\000\040\036\351\000n\000g\000\040\000d\036\345\000n\000g\000\040\000g\000i\000\341\000m\000\040\000s\000\341\000t}{chapter.4}% 63
\BOOKMARK [1][-]{section.4.5}{\376\377\000T\000h\000i\036\277\000t\000\040\000k\036\277\000\040\000g\000i\000a\000o\000\040\000d\000i\036\307\000n\000\040\000q\000u\036\243\000n\000\040\000l\000\375}{chapter.4}% 64
\BOOKMARK [1][-]{section.4.6}{\376\377\000T\000h\000i\036\277\000t\000\040\000k\036\277\000\040\000c\001\241\000\040\000c\000h\036\277\000\040\000b\036\243\000o\000\040\000m\036\255\000t}{chapter.4}% 65
\BOOKMARK [0][-]{chapter.5}{\376\377\000C\000\340\000i\000\040\001\021\036\267\000t\000\040\000v\000\340\000\040\000t\000r\000i\036\303\000n\000\040\000k\000h\000a\000i\000\040\000h\036\307\000\040\000t\000h\036\321\000n\000g}{}% 66
\BOOKMARK [1][-]{section.5.1}{\376\377\000C\000\340\000i\000\040\001\021\036\267\000t\000\040\000m\000\364\000i\000\040\000t\000r\001\260\036\335\000n\000g\000\040\000p\000h\000\341\000t\000\040\000t\000r\000i\036\303\000n}{chapter.5}% 67
\BOOKMARK [1][-]{section.5.2}{\376\377\000C\000\340\000i\000\040\001\021\036\267\000t\000\040\000f\000i\000r\000m\000w\000a\000r\000e}{chapter.5}% 68
\BOOKMARK [1][-]{section.5.3}{\376\377\000C\000\340\000i\000\040\001\021\036\267\000t\000\040\000b\000a\000c\000k\000e\000n\000d}{chapter.5}% 69
\BOOKMARK [1][-]{section.5.4}{\376\377\000C\000\340\000i\000\040\001\021\036\267\000t\000\040\036\351\000n\000g\000\040\000d\036\345\000n\000g}{chapter.5}% 70
\BOOKMARK [1][-]{section.5.5}{\376\377\000K\036\277\000t\000\040\000n\036\321\000i\000\040\000t\000h\000i\036\277\000t\000\040\000b\036\313}{chapter.5}% 71
\BOOKMARK [1][-]{section.5.6}{\376\377\000T\000r\000i\036\303\000n\000\040\000k\000h\000a\000i\000\040\000h\036\307\000\040\000t\000h\036\321\000n\000g}{chapter.5}% 72
\BOOKMARK [0][-]{chapter.6}{\376\377\000K\036\277\000t\000\040\000q\000u\036\243\000\040\000v\000\340\000\040\001\021\000\341\000n\000h\000\040\000g\000i\000\341}{}% 73
\BOOKMARK [1][-]{section.6.1}{\376\377\000M\000\364\000\040\000p\000h\036\317\000n\000g\000\040\000v\036\255\000n\000\040\000c\000h\000u\000y\036\303\000n}{chapter.6}% 74
\BOOKMARK [1][-]{section.6.2}{\376\377\001\020\036\331\000\040\036\325\000n\000\040\001\021\036\313\000n\000h\000\040\000t\000r\000u\000y\036\301\000n\000\040\000d\036\357\000\040\000l\000i\036\307\000u}{chapter.6}% 75
\BOOKMARK [1][-]{section.6.3}{\376\377\001\020\036\331\000\040\000c\000h\000\355\000n\000h\000\040\000x\000\341\000c\000\040\000G\000P\000S}{chapter.6}% 76
\BOOKMARK [1][-]{section.6.4}{\376\377\001\020\036\331\000\040\000c\000h\000\355\000n\000h\000\040\000x\000\341\000c\000\040\000c\036\347\000a\000\040\000c\036\243\000m\000\040\000b\000i\036\277\000n}{chapter.6}% 77
\BOOKMARK [1][-]{section.6.5}{\376\377\001\020\036\331\000\040\000t\000r\036\305\000\040\000t\000r\000u\000y\036\301\000n\000\040\000t\000h\000\364\000n\000g}{chapter.6}% 78
\BOOKMARK [1][-]{section.6.6}{\376\377\000K\000h\036\243\000\040\000n\001\003\000n\000g\000\040\000c\036\243\000n\000h\000\040\000b\000\341\000o}{chapter.6}% 79
\BOOKMARK [1][-]{section.6.7}{\376\377\000S\000o\000\040\000s\000\341\000n\000h\000\040\000v\000\340\000\040\001\021\000\341\000n\000h\000\040\000g\000i\000\341}{chapter.6}% 80
\BOOKMARK [0][-]{chapter.7}{\376\377\000K\036\277\000t\000\040\000l\000u\036\255\000n\000\040\000v\000\340\000\040\000h\001\260\036\333\000n\000g\000\040\000p\000h\000\341\000t\000\040\000t\000r\000i\036\303\000n}{}% 81
\BOOKMARK [1][-]{section.7.1}{\376\377\001\020\000\341\000n\000h\000\040\000g\000i\000\341\000\040\000c\000h\000u\000n\000g}{chapter.7}% 82
\BOOKMARK [1][-]{section.7.2}{\376\377\000H\036\241\000n\000\040\000c\000h\036\277}{chapter.7}% 83
\BOOKMARK [1][-]{section.7.3}{\376\377\000H\001\260\036\333\000n\000g\000\040\000p\000h\000\341\000t\000\040\000t\000r\000i\036\303\000n}{chapter.7}% 84
\BOOKMARK [0][-]{appendix*.21}{\376\377\000P\000h\036\345\000\040\000l\036\345\000c\000\040\000A}{}% 85
\BOOKMARK [0][-]{appendix*.21}{\376\377\000T\000\340\000i\000\040\000l\000i\036\307\000u\000\040\000t\000h\000a\000m\000\040\000k\000h\036\243\000o}{}% 86
\BOOKMARK [0][-]{appendix*.23}{\376\377\000D\000a\000n\000h\000\040\000m\036\345\000c\000\040\000t\000h\000u\036\255\000t\000\040\000n\000g\036\357}{}% 87
